[2018-11-01 14:25:55,174]-[Thread-1:140174000625408]-[task_id:django.request]-[log.py:228]-[WARNING]-[Not Found: /]
[2018-11-01 14:25:56,733]-[Thread-3:140173990135552]-[task_id:django.request]-[log.py:228]-[WARNING]-[Not Found: /favicon.ico]
[2018-11-01 14:26:13,774]-[Thread-8:140173773895424]-[task_id:django.request]-[log.py:228]-[WARNING]-[Not Found: /work/img/p1.jpg]
[2018-11-01 14:26:13,914]-[Thread-9:140173773895424]-[task_id:django.request]-[log.py:228]-[WARNING]-[Not Found: /work/img/p2.jpg]
[2018-11-01 14:26:24,243]-[Thread-10:140173773895424]-[task_id:default]-[views.py:199]-[INFO]-[<QuerySet [{'project': '国金证券', 'total_time': 6.0}, {'project': '玫琳凯', 'total_time': 2.0}]>]
[2018-11-01 14:26:24,245]-[Thread-10:140173773895424]-[task_id:default]-[views.py:204]-[INFO]-[<QuerySet [{'creator': 'zhangzihao@pachiratech.com', 'total_time': 8.0}]>]
[2018-11-01 14:26:25,823]-[Thread-11:140173990135552]-[task_id:default]-[views.py:199]-[INFO]-[<QuerySet [{'project': '国金证券', 'total_time': 6.0}, {'project': '玫琳凯', 'total_time': 2.0}]>]
[2018-11-01 14:26:25,825]-[Thread-11:140173990135552]-[task_id:default]-[views.py:204]-[INFO]-[<QuerySet [{'creator': 'zhangzihao@pachiratech.com', 'total_time': 8.0}]>]
[2018-11-01 14:26:26,609]-[Thread-12:140173990135552]-[task_id:default]-[views.py:199]-[INFO]-[<QuerySet [{'project': '国金证券', 'total_time': 6.0}, {'project': '玫琳凯', 'total_time': 2.0}]>]
[2018-11-01 14:26:26,611]-[Thread-12:140173990135552]-[task_id:default]-[views.py:204]-[INFO]-[<QuerySet [{'creator': 'zhangzihao@pachiratech.com', 'total_time': 8.0}]>]
[2018-11-01 14:26:41,833]-[Thread-16:140173773895424]-[task_id:django.request]-[log.py:228]-[WARNING]-[Not Found: /work/img/p1.jpg]
[2018-11-01 14:26:42,044]-[Thread-18:140173990135552]-[task_id:django.request]-[log.py:228]-[WARNING]-[Not Found: /work/img/p2.jpg]
[2018-11-01 14:28:06,455]-[Thread-19:140173773895424]-[task_id:django.request]-[log.py:228]-[WARNING]-[Not Found: /work/img/p1.jpg]
[2018-11-01 14:28:06,606]-[Thread-21:140173773895424]-[task_id:django.request]-[log.py:228]-[WARNING]-[Not Found: /work/img/p2.jpg]
[2018-11-01 14:31:24,815]-[Thread-28:140173773895424]-[task_id:django.request]-[log.py:228]-[WARNING]-[Not Found: /work/mailbox.html]
[2018-11-01 16:46:59,514]-[Thread-4:140413588236032]-[task_id:default]-[views.py:199]-[INFO]-[<QuerySet [{'project': '国金证券', 'total_time': 6.0}, {'project': '玫琳凯', 'total_time': 2.0}]>]
[2018-11-01 16:46:59,516]-[Thread-4:140413588236032]-[task_id:default]-[views.py:204]-[INFO]-[<QuerySet [{'creator': 'zhangzihao@pachiratech.com', 'total_time': 8.0}]>]
[2018-11-01 17:47:09,016]-[Thread-58:140413576697600]-[task_id:django.request]-[log.py:228]-[WARNING]-[Not Found: /favicon.ico]
[2018-11-01 18:57:57,801]-[Thread-64:140413576697600]-[task_id:django.request]-[log.py:228]-[WARNING]-[Not Found: /favicon.ico]
[2018-11-01 20:15:08,762]-[Thread-1:15032]-[task_id:django.request]-[log.py:228]-[WARNING]-[Not Found: /]
[2018-11-01 20:15:09,742]-[Thread-3:17520]-[task_id:django.request]-[log.py:228]-[WARNING]-[Not Found: /favicon.ico]
[2018-11-01 20:15:17,043]-[Thread-7:11956]-[task_id:django.request]-[log.py:228]-[WARNING]-[Not Found: /favicon.ico]
[2018-11-01 20:15:23,404]-[Thread-23:16016]-[task_id:django.request]-[log.py:228]-[WARNING]-[Not Found: /favicon.ico]
[2018-11-01 20:15:31,050]-[Thread-51:9400]-[task_id:django.request]-[log.py:228]-[WARNING]-[Not Found: /favicon.ico]
[2018-11-01 20:15:33,306]-[Thread-78:7312]-[task_id:django.request]-[log.py:228]-[WARNING]-[Not Found: /favicon.ico]
[2018-11-01 20:15:39,033]-[Thread-81:12864]-[task_id:django.request]-[log.py:228]-[WARNING]-[Not Found: /favicon.ico]
[2018-11-01 20:15:43,808]-[Thread-84:5412]-[task_id:django.request]-[log.py:228]-[WARNING]-[Not Found: /favicon.ico]
[2018-11-01 20:15:49,506]-[Thread-87:8076]-[task_id:django.request]-[log.py:228]-[WARNING]-[Not Found: /favicon.ico]
[2018-11-01 20:17:58,909]-[Thread-113:22960]-[task_id:django.request]-[log.py:228]-[WARNING]-[Not Found: /favicon.ico]
[2018-11-01 20:18:46,703]-[Thread-140:1940]-[task_id:django.request]-[log.py:228]-[WARNING]-[Not Found: /favicon.ico]
[2018-11-01 20:20:27,906]-[Thread-166:17648]-[task_id:django.request]-[log.py:228]-[WARNING]-[Not Found: /favicon.ico]
[2018-11-01 20:21:45,315]-[Thread-192:19504]-[task_id:django.request]-[log.py:228]-[WARNING]-[Not Found: /favicon.ico]
[2018-11-01 20:23:14,556]-[Thread-218:12660]-[task_id:django.request]-[log.py:228]-[WARNING]-[Not Found: /favicon.ico]
[2018-11-01 20:24:44,283]-[Thread-244:9500]-[task_id:django.request]-[log.py:228]-[WARNING]-[Not Found: /favicon.ico]
[2018-11-01 20:25:54,018]-[Thread-270:3256]-[task_id:django.request]-[log.py:228]-[WARNING]-[Not Found: /favicon.ico]
[2018-11-01 20:28:57,517]-[Thread-295:22752]-[task_id:django.request]-[log.py:228]-[WARNING]-[Not Found: /favicon.ico]
[2018-11-01 20:32:51,666]-[Thread-320:21076]-[task_id:django.request]-[log.py:228]-[WARNING]-[Not Found: /favicon.ico]
[2018-11-01 20:33:13,012]-[Thread-344:21392]-[task_id:django.request]-[log.py:228]-[WARNING]-[Not Found: /favicon.ico]
[2018-11-01 20:36:28,264]-[Thread-367:6932]-[task_id:django.request]-[log.py:228]-[WARNING]-[Not Found: /favicon.ico]
[2018-11-01 20:37:07,086]-[Thread-393:12504]-[task_id:django.request]-[log.py:228]-[WARNING]-[Not Found: /favicon.ico]
[2018-11-01 20:38:55,716]-[Thread-418:11052]-[task_id:django.request]-[log.py:228]-[WARNING]-[Not Found: /favicon.ico]
[2018-11-01 20:39:12,315]-[Thread-442:10720]-[task_id:django.request]-[log.py:228]-[WARNING]-[Not Found: /favicon.ico]
[2018-11-01 20:39:28,179]-[Thread-467:11140]-[task_id:django.request]-[log.py:228]-[WARNING]-[Not Found: /favicon.ico]
[2018-11-01 20:39:43,335]-[Thread-493:26512]-[task_id:django.request]-[log.py:228]-[WARNING]-[Not Found: /favicon.ico]
[2018-11-01 20:39:44,562]-[Thread-517:22404]-[task_id:django.request]-[log.py:228]-[WARNING]-[Not Found: /favicon.ico]
[2018-11-01 20:40:06,824]-[Thread-541:25072]-[task_id:django.request]-[log.py:228]-[WARNING]-[Not Found: /favicon.ico]
[2018-11-01 20:40:59,776]-[Thread-567:14632]-[task_id:django.request]-[log.py:228]-[WARNING]-[Not Found: /favicon.ico]
[2018-11-01 20:42:36,433]-[Thread-591:19020]-[task_id:django.request]-[log.py:228]-[WARNING]-[Not Found: /favicon.ico]
[2018-11-01 20:44:03,619]-[Thread-616:8612]-[task_id:django.request]-[log.py:228]-[WARNING]-[Not Found: /favicon.ico]
[2018-11-01 20:44:35,458]-[Thread-640:21980]-[task_id:django.request]-[log.py:228]-[WARNING]-[Not Found: /favicon.ico]
[2018-11-01 20:45:22,111]-[Thread-665:14260]-[task_id:django.request]-[log.py:228]-[WARNING]-[Not Found: /favicon.ico]
[2018-11-01 20:45:55,877]-[Thread-690:23512]-[task_id:django.request]-[log.py:228]-[WARNING]-[Not Found: /favicon.ico]
[2018-11-01 20:46:19,280]-[Thread-694:15420]-[task_id:django.request]-[log.py:228]-[WARNING]-[Not Found: /favicon.ico]
[2018-11-01 20:46:53,324]-[Thread-719:17300]-[task_id:django.request]-[log.py:228]-[WARNING]-[Not Found: /favicon.ico]
[2018-11-01 20:47:40,142]-[Thread-727:1248]-[task_id:django.request]-[log.py:228]-[WARNING]-[Not Found: /favicon.ico]
[2018-11-01 20:47:55,024]-[Thread-729:23536]-[task_id:django.request]-[log.py:228]-[WARNING]-[Not Found: /favicon.ico]
[2018-11-01 20:47:59,456]-[Thread-753:15892]-[task_id:django.request]-[log.py:228]-[WARNING]-[Not Found: /favicon.ico]
[2018-11-01 20:48:04,369]-[Thread-755:19688]-[task_id:django.request]-[log.py:228]-[WARNING]-[Not Found: /favicon.ico]
[2018-11-01 20:48:05,401]-[Thread-757:10520]-[task_id:django.request]-[log.py:228]-[WARNING]-[Not Found: /favicon.ico]
[2018-11-01 20:57:37,323]-[Thread-759:13604]-[task_id:django.request]-[log.py:228]-[WARNING]-[Not Found: /favicon.ico]
[2018-11-01 21:54:39,415]-[Thread-782:9868]-[task_id:django.request]-[log.py:228]-[WARNING]-[Not Found: /favicon.ico]
[2018-11-01 21:54:40,194]-[Thread-785:12220]-[task_id:django.request]-[log.py:228]-[WARNING]-[Not Found: /favicon.ico]
[2018-11-01 22:43:22,512]-[Thread-25:1372]-[task_id:django.request]-[log.py:228]-[WARNING]-[Not Found: /favicon.ico]
[2018-11-01 22:44:08,383]-[Thread-49:9900]-[task_id:django.request]-[log.py:228]-[WARNING]-[Not Found: /favicon.ico]
[2018-11-01 22:44:23,765]-[Thread-73:3596]-[task_id:django.request]-[log.py:228]-[WARNING]-[Not Found: /favicon.ico]
[2018-11-01 22:45:51,377]-[Thread-103:8888]-[task_id:django.request]-[log.py:228]-[WARNING]-[Not Found: /favicon.ico]
[2018-11-01 22:45:54,430]-[Thread-131:1492]-[task_id:django.request]-[log.py:228]-[WARNING]-[Not Found: /favicon.ico]
